<?xml version="1.0" encoding="UTF-8"?>
<testng-results skipped="0" failed="0" total="12" passed="12">
  <reporter-output>
  </reporter-output>
  <suite name="test.com.sizonenko.sphereapp.action.SphereActionTest" duration-ms="302" started-at="2017-10-08T18:49:11Z" finished-at="2017-10-08T18:49:11Z">
    <groups>
    </groups>
    <test name="Command line test" duration-ms="302" started-at="2017-10-08T18:49:11Z" finished-at="2017-10-08T18:49:11Z">
      <class name="test.com.sizonenko.sphereapp.action.SphereActionTest">
        <test-method status="PASS" signature="CreateSphereAction()[pri:0, instance:test.com.sizonenko.sphereapp.action.SphereActionTest@48140564]" name="CreateSphereAction" duration-ms="235" started-at="2017-10-08T21:49:11Z" finished-at="2017-10-08T21:49:11Z">
          <reporter-output>
          </reporter-output>
        </test-method> <!-- CreateSphereAction -->
        <test-method status="PASS" signature="WrongCreateSphereAction()[pri:0, instance:test.com.sizonenko.sphereapp.action.SphereActionTest@48140564]" name="WrongCreateSphereAction" duration-ms="0" started-at="2017-10-08T21:49:11Z" finished-at="2017-10-08T21:49:11Z">
          <exception class="java.lang.RuntimeException">
            <message>
              <![CDATA[file not found or clear: mparameters.txt]]>
            </message>
            <full-stacktrace>
              <![CDATA[java.lang.RuntimeException: file not found or clear: mparameters.txt
	at com.sizonenko.sphereapp.file.ReadFile.getDataSphere(ReadFile.java:47)
	at com.sizonenko.sphereapp.action.SphereAction.<init>(SphereAction.java:20)
	at test.com.sizonenko.sphereapp.action.SphereActionTest.WrongCreateSphereAction(SphereActionTest.java:28)
	at sun.reflect.NativeMethodAccessorImpl.invoke0(Native Method)
	at sun.reflect.NativeMethodAccessorImpl.invoke(NativeMethodAccessorImpl.java:62)
	at sun.reflect.DelegatingMethodAccessorImpl.invoke(DelegatingMethodAccessorImpl.java:43)
	at java.lang.reflect.Method.invoke(Method.java:497)
	at org.testng.internal.MethodInvocationHelper.invokeMethod(MethodInvocationHelper.java:84)
	at org.testng.internal.Invoker.invokeMethod(Invoker.java:714)
	at org.testng.internal.Invoker.invokeTestMethod(Invoker.java:901)
	at org.testng.internal.Invoker.invokeTestMethods(Invoker.java:1231)
	at org.testng.internal.TestMethodWorker.invokeTestMethods(TestMethodWorker.java:127)
	at org.testng.internal.TestMethodWorker.run(TestMethodWorker.java:111)
	at org.testng.TestRunner.privateRun(TestRunner.java:767)
	at org.testng.TestRunner.run(TestRunner.java:617)
	at org.testng.SuiteRunner.runTest(SuiteRunner.java:348)
	at org.testng.SuiteRunner.runSequentially(SuiteRunner.java:343)
	at org.testng.SuiteRunner.privateRun(SuiteRunner.java:305)
	at org.testng.SuiteRunner.run(SuiteRunner.java:254)
	at org.testng.SuiteRunnerWorker.runSuite(SuiteRunnerWorker.java:52)
	at org.testng.SuiteRunnerWorker.run(SuiteRunnerWorker.java:86)
	at org.testng.TestNG.runSuitesSequentially(TestNG.java:1224)
	at org.testng.TestNG.runSuitesLocally(TestNG.java:1149)
	at org.testng.TestNG.run(TestNG.java:1057)
	at org.apache.maven.surefire.testng.TestNGExecutor.run(TestNGExecutor.java:77)
	at org.apache.maven.surefire.testng.TestNGDirectoryTestSuite.execute(TestNGDirectoryTestSuite.java:110)
	at org.apache.maven.surefire.testng.TestNGProvider.invoke(TestNGProvider.java:106)
	at sun.reflect.NativeMethodAccessorImpl.invoke0(Native Method)
	at sun.reflect.NativeMethodAccessorImpl.invoke(NativeMethodAccessorImpl.java:62)
	at sun.reflect.DelegatingMethodAccessorImpl.invoke(DelegatingMethodAccessorImpl.java:43)
	at java.lang.reflect.Method.invoke(Method.java:497)
	at org.apache.maven.surefire.util.ReflectionUtils.invokeMethodWithArray(ReflectionUtils.java:189)
	at org.apache.maven.surefire.booter.ProviderFactory$ProviderProxy.invoke(ProviderFactory.java:165)
	at org.apache.maven.surefire.booter.ProviderFactory.invokeProvider(ProviderFactory.java:85)
	at org.apache.maven.surefire.booter.ForkedBooter.runSuitesInProcess(ForkedBooter.java:115)
	at org.apache.maven.surefire.booter.ForkedBooter.main(ForkedBooter.java:75)
]]>
            </full-stacktrace>
          </exception> <!-- java.lang.RuntimeException -->
          <reporter-output>
          </reporter-output>
        </test-method> <!-- WrongCreateSphereAction -->
        <test-method status="PASS" signature="falseAreasSphereAction()[pri:0, instance:test.com.sizonenko.sphereapp.action.SphereActionTest@48140564]" name="falseAreasSphereAction" duration-ms="15" started-at="2017-10-08T21:49:11Z" finished-at="2017-10-08T21:49:11Z">
          <reporter-output>
          </reporter-output>
        </test-method> <!-- falseAreasSphereAction -->
        <test-method status="PASS" signature="falseRelationsSphereAction()[pri:0, instance:test.com.sizonenko.sphereapp.action.SphereActionTest@48140564]" name="falseRelationsSphereAction" duration-ms="0" started-at="2017-10-08T21:49:11Z" finished-at="2017-10-08T21:49:11Z">
          <reporter-output>
          </reporter-output>
        </test-method> <!-- falseRelationsSphereAction -->
        <test-method status="PASS" signature="falseSizeMapCreateSphereAction()[pri:0, instance:test.com.sizonenko.sphereapp.action.SphereActionTest@48140564]" name="falseSizeMapCreateSphereAction" duration-ms="12" started-at="2017-10-08T21:49:11Z" finished-at="2017-10-08T21:49:11Z">
          <reporter-output>
          </reporter-output>
        </test-method> <!-- falseSizeMapCreateSphereAction -->
        <test-method status="PASS" signature="falseTouchSphereAction()[pri:0, instance:test.com.sizonenko.sphereapp.action.SphereActionTest@48140564]" name="falseTouchSphereAction" duration-ms="4" started-at="2017-10-08T21:49:11Z" finished-at="2017-10-08T21:49:11Z">
          <reporter-output>
          </reporter-output>
        </test-method> <!-- falseTouchSphereAction -->
        <test-method status="PASS" signature="falseVSphereAction()[pri:0, instance:test.com.sizonenko.sphereapp.action.SphereActionTest@48140564]" name="falseVSphereAction" duration-ms="4" started-at="2017-10-08T21:49:11Z" finished-at="2017-10-08T21:49:11Z">
          <reporter-output>
          </reporter-output>
        </test-method> <!-- falseVSphereAction -->
        <test-method status="PASS" signature="trueAreasSphereAction()[pri:0, instance:test.com.sizonenko.sphereapp.action.SphereActionTest@48140564]" name="trueAreasSphereAction" duration-ms="4" started-at="2017-10-08T21:49:11Z" finished-at="2017-10-08T21:49:11Z">
          <reporter-output>
          </reporter-output>
        </test-method> <!-- trueAreasSphereAction -->
        <test-method status="PASS" signature="trueRelationsSphereAction()[pri:0, instance:test.com.sizonenko.sphereapp.action.SphereActionTest@48140564]" name="trueRelationsSphereAction" duration-ms="0" started-at="2017-10-08T21:49:11Z" finished-at="2017-10-08T21:49:11Z">
          <reporter-output>
          </reporter-output>
        </test-method> <!-- trueRelationsSphereAction -->
        <test-method status="PASS" signature="trueSizeMapCreateSphereAction()[pri:0, instance:test.com.sizonenko.sphereapp.action.SphereActionTest@48140564]" name="trueSizeMapCreateSphereAction" duration-ms="4" started-at="2017-10-08T21:49:11Z" finished-at="2017-10-08T21:49:11Z">
          <reporter-output>
          </reporter-output>
        </test-method> <!-- trueSizeMapCreateSphereAction -->
        <test-method status="PASS" signature="trueTouchSphereAction()[pri:0, instance:test.com.sizonenko.sphereapp.action.SphereActionTest@48140564]" name="trueTouchSphereAction" duration-ms="12" started-at="2017-10-08T21:49:11Z" finished-at="2017-10-08T21:49:11Z">
          <reporter-output>
          </reporter-output>
        </test-method> <!-- trueTouchSphereAction -->
        <test-method status="PASS" signature="trueVSphereAction()[pri:0, instance:test.com.sizonenko.sphereapp.action.SphereActionTest@48140564]" name="trueVSphereAction" duration-ms="4" started-at="2017-10-08T21:49:11Z" finished-at="2017-10-08T21:49:11Z">
          <reporter-output>
          </reporter-output>
        </test-method> <!-- trueVSphereAction -->
        <test-method status="PASS" signature="ClearSphereAction()[pri:0, instance:test.com.sizonenko.sphereapp.action.SphereActionTest@48140564]" name="ClearSphereAction" is-config="true" duration-ms="0" started-at="2017-10-08T21:49:11Z" finished-at="2017-10-08T21:49:11Z">
          <reporter-output>
          </reporter-output>
        </test-method> <!-- ClearSphereAction -->
      </class> <!-- test.com.sizonenko.sphereapp.action.SphereActionTest -->
    </test> <!-- Command line test -->
  </suite> <!-- test.com.sizonenko.sphereapp.action.SphereActionTest -->
</testng-results>
