<?xml version="1.0" encoding="UTF-8"?>
<testng-results skipped="0" failed="0" total="12" passed="12">
  <reporter-output>
  </reporter-output>
  <suite name="test.com.sizonenko.sphereapp.action.SphereActionTest" duration-ms="313" started-at="2017-10-09T12:27:03Z" finished-at="2017-10-09T12:27:04Z">
    <groups>
    </groups>
    <test name="Command line test" duration-ms="313" started-at="2017-10-09T12:27:03Z" finished-at="2017-10-09T12:27:04Z">
      <class name="test.com.sizonenko.sphereapp.action.SphereActionTest">
        <test-method status="PASS" signature="CreateSphereAction()[pri:0, instance:test.com.sizonenko.sphereapp.action.SphereActionTest@27f674d]" name="CreateSphereAction" is-config="true" duration-ms="234" started-at="2017-10-09T15:27:03Z" finished-at="2017-10-09T15:27:04Z">
          <reporter-output>
          </reporter-output>
        </test-method> <!-- CreateSphereAction -->
        <test-method status="PASS" signature="CreateSphereAction()[pri:0, instance:test.com.sizonenko.sphereapp.action.SphereActionTest@27f674d]" name="CreateSphereAction" is-config="true" duration-ms="0" started-at="2017-10-09T15:27:04Z" finished-at="2017-10-09T15:27:04Z">
          <reporter-output>
          </reporter-output>
        </test-method> <!-- CreateSphereAction -->
        <test-method status="PASS" signature="WrongCreateSphereAction()[pri:0, instance:test.com.sizonenko.sphereapp.action.SphereActionTest@27f674d]" name="WrongCreateSphereAction" duration-ms="16" started-at="2017-10-09T15:27:04Z" finished-at="2017-10-09T15:27:04Z">
          <exception class="java.lang.RuntimeException">
            <message>
              <![CDATA[file not found or clear: mparameters.txt]]>
            </message>
            <full-stacktrace>
              <![CDATA[java.lang.RuntimeException: file not found or clear: mparameters.txt
	at com.sizonenko.sphereapp.file.ReadFile.getDataSphere(ReadFile.java:48)
	at com.sizonenko.sphereapp.action.SphereAction.<init>(SphereAction.java:20)
	at test.com.sizonenko.sphereapp.action.SphereActionTest.WrongCreateSphereAction(SphereActionTest.java:30)
	at sun.reflect.NativeMethodAccessorImpl.invoke0(Native Method)
	at sun.reflect.NativeMethodAccessorImpl.invoke(NativeMethodAccessorImpl.java:62)
	at sun.reflect.DelegatingMethodAccessorImpl.invoke(DelegatingMethodAccessorImpl.java:43)
	at java.lang.reflect.Method.invoke(Method.java:497)
	at org.testng.internal.MethodInvocationHelper.invokeMethod(MethodInvocationHelper.java:84)
	at org.testng.internal.Invoker.invokeMethod(Invoker.java:714)
	at org.testng.internal.Invoker.invokeTestMethod(Invoker.java:901)
	at org.testng.internal.Invoker.invokeTestMethods(Invoker.java:1231)
	at org.testng.internal.TestMethodWorker.invokeTestMethods(TestMethodWorker.java:127)
	at org.testng.internal.TestMethodWorker.run(TestMethodWorker.java:111)
	at org.testng.TestRunner.privateRun(TestRunner.java:767)
	at org.testng.TestRunner.run(TestRunner.java:617)
	at org.testng.SuiteRunner.runTest(SuiteRunner.java:348)
	at org.testng.SuiteRunner.runSequentially(SuiteRunner.java:343)
	at org.testng.SuiteRunner.privateRun(SuiteRunner.java:305)
	at org.testng.SuiteRunner.run(SuiteRunner.java:254)
	at org.testng.SuiteRunnerWorker.runSuite(SuiteRunnerWorker.java:52)
	at org.testng.SuiteRunnerWorker.run(SuiteRunnerWorker.java:86)
	at org.testng.TestNG.runSuitesSequentially(TestNG.java:1224)
	at org.testng.TestNG.runSuitesLocally(TestNG.java:1149)
	at org.testng.TestNG.run(TestNG.java:1057)
	at org.apache.maven.surefire.testng.TestNGExecutor.run(TestNGExecutor.java:77)
	at org.apache.maven.surefire.testng.TestNGDirectoryTestSuite.execute(TestNGDirectoryTestSuite.java:110)
	at org.apache.maven.surefire.testng.TestNGProvider.invoke(TestNGProvider.java:106)
	at sun.reflect.NativeMethodAccessorImpl.invoke0(Native Method)
	at sun.reflect.NativeMethodAccessorImpl.invoke(NativeMethodAccessorImpl.java:62)
	at sun.reflect.DelegatingMethodAccessorImpl.invoke(DelegatingMethodAccessorImpl.java:43)
	at java.lang.reflect.Method.invoke(Method.java:497)
	at org.apache.maven.surefire.util.ReflectionUtils.invokeMethodWithArray(ReflectionUtils.java:189)
	at org.apache.maven.surefire.booter.ProviderFactory$ProviderProxy.invoke(ProviderFactory.java:165)
	at org.apache.maven.surefire.booter.ProviderFactory.invokeProvider(ProviderFactory.java:85)
	at org.apache.maven.surefire.booter.ForkedBooter.runSuitesInProcess(ForkedBooter.java:115)
	at org.apache.maven.surefire.booter.ForkedBooter.main(ForkedBooter.java:75)
]]>
            </full-stacktrace>
          </exception> <!-- java.lang.RuntimeException -->
          <reporter-output>
          </reporter-output>
        </test-method> <!-- WrongCreateSphereAction -->
        <test-method status="PASS" signature="CreateSphereAction()[pri:0, instance:test.com.sizonenko.sphereapp.action.SphereActionTest@27f674d]" name="CreateSphereAction" duration-ms="0" started-at="2017-10-09T15:27:04Z" finished-at="2017-10-09T15:27:04Z">
          <reporter-output>
          </reporter-output>
        </test-method> <!-- CreateSphereAction -->
        <test-method status="PASS" signature="CreateSphereAction()[pri:0, instance:test.com.sizonenko.sphereapp.action.SphereActionTest@27f674d]" name="CreateSphereAction" is-config="true" duration-ms="0" started-at="2017-10-09T15:27:04Z" finished-at="2017-10-09T15:27:04Z">
          <reporter-output>
          </reporter-output>
        </test-method> <!-- CreateSphereAction -->
        <test-method status="PASS" signature="falseCalculateRelationsSphereAction()[pri:0, instance:test.com.sizonenko.sphereapp.action.SphereActionTest@27f674d]" name="falseCalculateRelationsSphereAction" duration-ms="0" started-at="2017-10-09T15:27:04Z" finished-at="2017-10-09T15:27:04Z">
          <reporter-output>
          </reporter-output>
        </test-method> <!-- falseCalculateRelationsSphereAction -->
        <test-method status="PASS" signature="CreateSphereAction()[pri:0, instance:test.com.sizonenko.sphereapp.action.SphereActionTest@27f674d]" name="CreateSphereAction" is-config="true" duration-ms="0" started-at="2017-10-09T15:27:04Z" finished-at="2017-10-09T15:27:04Z">
          <reporter-output>
          </reporter-output>
        </test-method> <!-- CreateSphereAction -->
        <test-method status="PASS" signature="falseCalculateVSphereAction()[pri:0, instance:test.com.sizonenko.sphereapp.action.SphereActionTest@27f674d]" name="falseCalculateVSphereAction" duration-ms="0" started-at="2017-10-09T15:27:04Z" finished-at="2017-10-09T15:27:04Z">
          <reporter-output>
          </reporter-output>
        </test-method> <!-- falseCalculateVSphereAction -->
        <test-method status="PASS" signature="falseCalculateAreasSphereAction()[pri:0, instance:test.com.sizonenko.sphereapp.action.SphereActionTest@27f674d]" name="falseCalculateAreasSphereAction" duration-ms="0" started-at="2017-10-09T15:27:04Z" finished-at="2017-10-09T15:27:04Z">
          <reporter-output>
          </reporter-output>
        </test-method> <!-- falseCalculateAreasSphereAction -->
        <test-method status="PASS" signature="CreateSphereAction()[pri:0, instance:test.com.sizonenko.sphereapp.action.SphereActionTest@27f674d]" name="CreateSphereAction" is-config="true" duration-ms="15" started-at="2017-10-09T15:27:04Z" finished-at="2017-10-09T15:27:04Z">
          <reporter-output>
          </reporter-output>
        </test-method> <!-- CreateSphereAction -->
        <test-method status="PASS" signature="falseCalculateTouchSphereAction()[pri:0, instance:test.com.sizonenko.sphereapp.action.SphereActionTest@27f674d]" name="falseCalculateTouchSphereAction" duration-ms="0" started-at="2017-10-09T15:27:04Z" finished-at="2017-10-09T15:27:04Z">
          <reporter-output>
          </reporter-output>
        </test-method> <!-- falseCalculateTouchSphereAction -->
        <test-method status="PASS" signature="CreateSphereAction()[pri:0, instance:test.com.sizonenko.sphereapp.action.SphereActionTest@27f674d]" name="CreateSphereAction" is-config="true" duration-ms="0" started-at="2017-10-09T15:27:04Z" finished-at="2017-10-09T15:27:04Z">
          <reporter-output>
          </reporter-output>
        </test-method> <!-- CreateSphereAction -->
        <test-method status="PASS" signature="CreateSphereAction()[pri:0, instance:test.com.sizonenko.sphereapp.action.SphereActionTest@27f674d]" name="CreateSphereAction" is-config="true" duration-ms="0" started-at="2017-10-09T15:27:04Z" finished-at="2017-10-09T15:27:04Z">
          <reporter-output>
          </reporter-output>
        </test-method> <!-- CreateSphereAction -->
        <test-method status="PASS" signature="CreateSphereAction()[pri:0, instance:test.com.sizonenko.sphereapp.action.SphereActionTest@27f674d]" name="CreateSphereAction" is-config="true" duration-ms="0" started-at="2017-10-09T15:27:04Z" finished-at="2017-10-09T15:27:04Z">
          <reporter-output>
          </reporter-output>
        </test-method> <!-- CreateSphereAction -->
        <test-method status="PASS" signature="falseSizeMapCreateSphereAction()[pri:0, instance:test.com.sizonenko.sphereapp.action.SphereActionTest@27f674d]" name="falseSizeMapCreateSphereAction" duration-ms="0" started-at="2017-10-09T15:27:04Z" finished-at="2017-10-09T15:27:04Z">
          <reporter-output>
          </reporter-output>
        </test-method> <!-- falseSizeMapCreateSphereAction -->
        <test-method status="PASS" signature="trueCalculateAreasSphereAction()[pri:0, instance:test.com.sizonenko.sphereapp.action.SphereActionTest@27f674d]" name="trueCalculateAreasSphereAction" duration-ms="16" started-at="2017-10-09T15:27:04Z" finished-at="2017-10-09T15:27:04Z">
          <reporter-output>
          </reporter-output>
        </test-method> <!-- trueCalculateAreasSphereAction -->
        <test-method status="PASS" signature="trueCalculateRelationsSphereAction()[pri:0, instance:test.com.sizonenko.sphereapp.action.SphereActionTest@27f674d]" name="trueCalculateRelationsSphereAction" duration-ms="0" started-at="2017-10-09T15:27:04Z" finished-at="2017-10-09T15:27:04Z">
          <reporter-output>
          </reporter-output>
        </test-method> <!-- trueCalculateRelationsSphereAction -->
        <test-method status="PASS" signature="trueCalculateVSphereAction()[pri:0, instance:test.com.sizonenko.sphereapp.action.SphereActionTest@27f674d]" name="trueCalculateVSphereAction" duration-ms="0" started-at="2017-10-09T15:27:04Z" finished-at="2017-10-09T15:27:04Z">
          <reporter-output>
          </reporter-output>
        </test-method> <!-- trueCalculateVSphereAction -->
        <test-method status="PASS" signature="trueCalculateTouchSphereAction()[pri:0, instance:test.com.sizonenko.sphereapp.action.SphereActionTest@27f674d]" name="trueCalculateTouchSphereAction" duration-ms="0" started-at="2017-10-09T15:27:04Z" finished-at="2017-10-09T15:27:04Z">
          <reporter-output>
          </reporter-output>
        </test-method> <!-- trueCalculateTouchSphereAction -->
        <test-method status="PASS" signature="CreateSphereAction()[pri:0, instance:test.com.sizonenko.sphereapp.action.SphereActionTest@27f674d]" name="CreateSphereAction" is-config="true" duration-ms="0" started-at="2017-10-09T15:27:04Z" finished-at="2017-10-09T15:27:04Z">
          <reporter-output>
          </reporter-output>
        </test-method> <!-- CreateSphereAction -->
        <test-method status="PASS" signature="CreateSphereAction()[pri:0, instance:test.com.sizonenko.sphereapp.action.SphereActionTest@27f674d]" name="CreateSphereAction" is-config="true" duration-ms="0" started-at="2017-10-09T15:27:04Z" finished-at="2017-10-09T15:27:04Z">
          <reporter-output>
          </reporter-output>
        </test-method> <!-- CreateSphereAction -->
        <test-method status="PASS" signature="CreateSphereAction()[pri:0, instance:test.com.sizonenko.sphereapp.action.SphereActionTest@27f674d]" name="CreateSphereAction" is-config="true" duration-ms="0" started-at="2017-10-09T15:27:04Z" finished-at="2017-10-09T15:27:04Z">
          <reporter-output>
          </reporter-output>
        </test-method> <!-- CreateSphereAction -->
        <test-method status="PASS" signature="CreateSphereAction()[pri:0, instance:test.com.sizonenko.sphereapp.action.SphereActionTest@27f674d]" name="CreateSphereAction" is-config="true" duration-ms="16" started-at="2017-10-09T15:27:04Z" finished-at="2017-10-09T15:27:04Z">
          <reporter-output>
          </reporter-output>
        </test-method> <!-- CreateSphereAction -->
        <test-method status="PASS" signature="ClearSphereAction()[pri:0, instance:test.com.sizonenko.sphereapp.action.SphereActionTest@27f674d]" name="ClearSphereAction" is-config="true" duration-ms="0" started-at="2017-10-09T15:27:04Z" finished-at="2017-10-09T15:27:04Z">
          <reporter-output>
          </reporter-output>
        </test-method> <!-- ClearSphereAction -->
        <test-method status="PASS" signature="trueSizeMapCreateSphereAction()[pri:0, instance:test.com.sizonenko.sphereapp.action.SphereActionTest@27f674d]" name="trueSizeMapCreateSphereAction" duration-ms="0" started-at="2017-10-09T15:27:04Z" finished-at="2017-10-09T15:27:04Z">
          <reporter-output>
          </reporter-output>
        </test-method> <!-- trueSizeMapCreateSphereAction -->
      </class> <!-- test.com.sizonenko.sphereapp.action.SphereActionTest -->
    </test> <!-- Command line test -->
  </suite> <!-- test.com.sizonenko.sphereapp.action.SphereActionTest -->
</testng-results>
