<?xml version="1.0" encoding="UTF-8" ?>
<testsuite tests="12" failures="0" name="test.com.sizonenko.sphereapp.action.SphereActionTest" time="0.278" errors="0" skipped="0">
  <properties>
[...]
</properties>
  <testcase classname="test.com.sizonenko.sphereapp.action.SphereActionTest" name="CreateSphereAction" time="0.219"/>
  <testcase classname="test.com.sizonenko.sphereapp.action.SphereActionTest" name="WrongCreateSphereAction" time="0"/>
  <testcase classname="test.com.sizonenko.sphereapp.action.SphereActionTest" name="falseAreasSphereAction" time="0.015"/>
  <testcase classname="test.com.sizonenko.sphereapp.action.SphereActionTest" name="falseRelationsSphereAction" time="0"/>
  <testcase classname="test.com.sizonenko.sphereapp.action.SphereActionTest" name="falseSizeMapCreateSphereAction" time="0.012"/>
  <testcase classname="test.com.sizonenko.sphereapp.action.SphereActionTest" name="falseTouchSphereAction" time="0"/>
  <testcase classname="test.com.sizonenko.sphereapp.action.SphereActionTest" name="falseVSphereAction" time="0.004"/>
  <testcase classname="test.com.sizonenko.sphereapp.action.SphereActionTest" name="trueAreasSphereAction" time="0.004"/>
  <testcase classname="test.com.sizonenko.sphereapp.action.SphereActionTest" name="trueRelationsSphereAction" time="0"/>
  <testcase classname="test.com.sizonenko.sphereapp.action.SphereActionTest" name="trueSizeMapCreateSphereAction" time="0.004"/>
  <testcase classname="test.com.sizonenko.sphereapp.action.SphereActionTest" name="trueTouchSphereAction" time="0.016"/>
  <testcase classname="test.com.sizonenko.sphereapp.action.SphereActionTest" name="trueVSphereAction" time="0.004"/>
</testsuite>