<?xml version="1.0" encoding="UTF-8"?>
<!-- Generated by org.testng.reporters.JUnitXMLReporter -->
<testsuite hostname="DESKTOP-SI7I3CM" name="Command line test" tests="12" failures="0" timestamp="8 Oct 2017 18:49:11 GMT" time="0.302" errors="0">
  <testcase name="CreateSphereAction" time="0.235" classname="test.com.sizonenko.sphereapp.action.SphereActionTest"/>
  <testcase name="WrongCreateSphereAction" time="0.0" classname="test.com.sizonenko.sphereapp.action.SphereActionTest"/>
  <testcase name="falseAreasSphereAction" time="0.015" classname="test.com.sizonenko.sphereapp.action.SphereActionTest"/>
  <testcase name="falseRelationsSphereAction" time="0.0" classname="test.com.sizonenko.sphereapp.action.SphereActionTest"/>
  <testcase name="falseSizeMapCreateSphereAction" time="0.012" classname="test.com.sizonenko.sphereapp.action.SphereActionTest"/>
  <testcase name="falseTouchSphereAction" time="0.004" classname="test.com.sizonenko.sphereapp.action.SphereActionTest"/>
  <testcase name="falseVSphereAction" time="0.004" classname="test.com.sizonenko.sphereapp.action.SphereActionTest"/>
  <testcase name="trueAreasSphereAction" time="0.004" classname="test.com.sizonenko.sphereapp.action.SphereActionTest"/>
  <testcase name="trueRelationsSphereAction" time="0.0" classname="test.com.sizonenko.sphereapp.action.SphereActionTest"/>
  <testcase name="trueSizeMapCreateSphereAction" time="0.004" classname="test.com.sizonenko.sphereapp.action.SphereActionTest"/>
  <testcase name="trueTouchSphereAction" time="0.012" classname="test.com.sizonenko.sphereapp.action.SphereActionTest"/>
  <testcase name="trueVSphereAction" time="0.004" classname="test.com.sizonenko.sphereapp.action.SphereActionTest"/>
</testsuite> <!-- Command line test -->
