<?xml version="1.0" encoding="UTF-8"?>
<!-- Generated by org.testng.reporters.JUnitXMLReporter -->
<testsuite hostname="DESKTOP-SI7I3CM" name="Command line test" tests="12" failures="0" timestamp="9 Oct 2017 12:27:04 GMT" time="0.313" errors="0">
  <testcase name="CreateSphereAction" time="0.0" classname="test.com.sizonenko.sphereapp.action.SphereActionTest"/>
  <testcase name="WrongCreateSphereAction" time="0.016" classname="test.com.sizonenko.sphereapp.action.SphereActionTest"/>
  <testcase name="falseCalculateAreasSphereAction" time="0.0" classname="test.com.sizonenko.sphereapp.action.SphereActionTest"/>
  <testcase name="falseCalculateRelationsSphereAction" time="0.0" classname="test.com.sizonenko.sphereapp.action.SphereActionTest"/>
  <testcase name="falseCalculateTouchSphereAction" time="0.0" classname="test.com.sizonenko.sphereapp.action.SphereActionTest"/>
  <testcase name="falseCalculateVSphereAction" time="0.0" classname="test.com.sizonenko.sphereapp.action.SphereActionTest"/>
  <testcase name="falseSizeMapCreateSphereAction" time="0.0" classname="test.com.sizonenko.sphereapp.action.SphereActionTest"/>
  <testcase name="trueCalculateAreasSphereAction" time="0.016" classname="test.com.sizonenko.sphereapp.action.SphereActionTest"/>
  <testcase name="trueCalculateRelationsSphereAction" time="0.0" classname="test.com.sizonenko.sphereapp.action.SphereActionTest"/>
  <testcase name="trueCalculateTouchSphereAction" time="0.0" classname="test.com.sizonenko.sphereapp.action.SphereActionTest"/>
  <testcase name="trueCalculateVSphereAction" time="0.0" classname="test.com.sizonenko.sphereapp.action.SphereActionTest"/>
  <testcase name="trueSizeMapCreateSphereAction" time="0.0" classname="test.com.sizonenko.sphereapp.action.SphereActionTest"/>
</testsuite> <!-- Command line test -->
